[Licensing::Module] Trying to connect to existing licensing client channel...
Built from '6000.3/staging' branch; Version is '6000.3.7f1 (696ec25a53d1) revision 6909634'; Using compiler version '194234433'; Build Type 'Release'
OS: 'Windows 11  (10.0.26200) Core' Language: 'en' Physical Memory: 16068 MB
[Licensing::IpcConnector] Successfully connected to: "LicenseClient-zhaoF" at "2026-02-11T06:10:44.6922144Z"
BatchMode: 1, IsHumanControllingUs: 0, StartBugReporterOnCrash: 0, Is64bit: 1
System  architecture: x64
Process architecture: x64
Date: 2026-02-11T06:10:44Z

COMMAND LINE ARGUMENTS:
C:\Program Files\Unity\Hub\Editor\6000.3.7f1\Editor\Unity.exe
-quit
-batchmode
-projectPath
C:\Users\zhaoF\OneDrive\Documents\UnityProjects\CulinaryChaos
-buildWindows64Player
C:\Users\zhaoF\OneDrive\Documents\UnityProjects\CulinaryChaos\Build\CulinaryChaos.exe
-logFile
build_error_5.log
Successfully changed project path to: C:\Users\zhaoF\OneDrive\Documents\UnityProjects\CulinaryChaos
C:/Users/zhaoF/OneDrive/Documents/UnityProjects/CulinaryChaos
Exiting without the bug reporter. Application will terminate with return code 1