[Licensing::Module] Trying to connect to existing licensing client channel...
Built from '6000.3/staging' branch; Version is '6000.3.7f1 (696ec25a53d1) revision 6909634'; Using compiler version '194234433'; Build Type 'Release'
[Licensing::IpcConnector] Channel LicenseClient-zhaoF doesn't exist
OS: 'Windows 11  (10.0.26200) Core' Language: 'en' Physical Memory: 16068 MB
BatchMode: 1, IsHumanControllingUs: 0, StartBugReporterOnCrash: 0, Is64bit: 1
System  architecture: x64
Process architecture: x64
Date: 2026-02-13T20:00:30Z
[Licensing::Module] Successfully launched the LicensingClient (PId: 33304)

COMMAND LINE ARGUMENTS:
C:\Program Files\Unity\Hub\Editor\6000.3.7f1\Editor\Unity.exe
-quit
-batchmode
-projectPath
C:\Users\zhaoF\OneDrive\Documents\UnityProjects\CulinaryChaos
-buildWindows64Player
C:\Users\zhaoF\OneDrive\Documents\UnityProjects\CulinaryChaos\Build\CulinaryChaos.exe
-logFile
C:\Users\zhaoF\OneDrive\Documents\UnityProjects\CulinaryChaos\unity_rebuild.log
Successfully changed project path to: C:\Users\zhaoF\OneDrive\Documents\UnityProjects\CulinaryChaos
C:/Users/zhaoF/OneDrive/Documents/UnityProjects/CulinaryChaos
[UnityMemory] Configuration Parameters - Can be set up in boot.config
    "memorysetup-temp-allocator-size-nav-mesh-worker=65536"
    "memorysetup-temp-allocator-size-audio-worker=65536"
    "memorysetup-temp-allocator-size-gfx=262144"
    "memorysetup-allocator-temp-initial-block-size-main=262144"
    "memorysetup-allocator-temp-initial-block-size-worker=262144"
    "memorysetup-temp-allocator-size-background-worker=32768"
    "memorysetup-temp-allocator-size-job-worker=262144"
    "memorysetup-temp-allocator-size-preload-manager=33554432"
    "memorysetup-temp-allocator-size-gi-baking-worker=262144"
    "memorysetup-temp-allocator-size-gi-baking-worker=262144"
    "memorysetup-temp-allocator-size-gi-baking-worker=262144"
    "memorysetup-temp-allocator-size-gi-baking-worker=262144"
    "memorysetup-temp-allocator-size-gi-baking-worker=262144"
    "memorysetup-bucket-allocator-granularity=16"
    "memorysetup-bucket-allocator-bucket-count=8"
    "memorysetup-bucket-allocator-block-size=33554432"
    "memorysetup-bucket-allocator-block-count=8"
    "memorysetup-main-allocator-block-size=16777216"
    "memorysetup-thread-allocator-block-size=16777216"
    "memorysetup-gfx-main-allocator-block-size=16777216"
    "memorysetup-gfx-thread-allocator-block-size=16777216"
    "memorysetup-cache-allocator-block-size=4194304"
    "memorysetup-typetree-allocator-block-size=2097152"
    "memorysetup-profiler-bucket-allocator-granularity=16"
    "memorysetup-profiler-bucket-allocator-bucket-count=8"
    "memorysetup-profiler-bucket-allocator-block-size=33554432"
    "memorysetup-profiler-bucket-allocator-block-count=8"
    "memorysetup-profiler-allocator-block-size=16777216"
    "memorysetup-profiler-editor-allocator-block-size=1048576"
    "memorysetup-temp-allocator-size-main=16777216"
    "memorysetup-job-temp-allocator-block-size=2097152"
    "memorysetup-job-temp-allocator-block-size-background=1048576"
    "memorysetup-job-temp-allocator-reduction-small-platforms=262144"
    "memorysetup-temp-allocator-size-cloud-worker=32768"
Player connection [13924]  Target information:

Player connection [13924]  * "[IP] 192.168.56.1 [Port] 55504 [Flags] 2 [Guid] 2872643832 [EditorId] 2872643832 [Version] 1048832 [Id] WindowsEditor(7,iiSimply-JZ) [Debug] 1 [PackageName] WindowsEditor [ProjectName] Editor" 

Player connection [13924]  * "[IP] 192.168.1.72 [Port] 55504 [Flags] 2 [Guid] 2872643832 [EditorId] 2872643832 [Version] 1048832 [Id] WindowsEditor(7,iiSimply-JZ) [Debug] 1 [PackageName] WindowsEditor [ProjectName] Editor" 

Player connection [13924] Host joined multi-casting on [225.0.0.222:54997]...
Player connection [13924] Host joined alternative multi-casting on [225.0.0.222:34997]...
Input System module state changed to: Initialized.
[Physics::Module] Initialized fallback backend.
[Physics::Module] Id: 0xdecafbad
[Licensing::IpcConnector] Successfully connected to: "LicenseClient-zhaoF" at "2026-02-13T20:00:30.9009721Z"
[Package Manager] Connected to IPC stream "Upm-18444" after 0.7 seconds.
[Licensing::Module] Licensing is not yet initialized.
[Licensing::Client] Handshaking with LicensingClient:
  Version:                 1.17.4+4293ba1
  Session Id:              22b57467df2d41d882cf2f7a6356b312
  Correlation Id:          9f619e9487f1463e44061a754b869138
  External correlation Id: 9096228395746805323
  Machine Id:              o5u3NjNtQ2Kxw4d681ZH6kVuf64=
[Licensing::Module] Successfully connected to LicensingClient on channel: "LicenseClient-zhaoF" (connect: 0.57s, validation: 0.10s, handshake: 3.78s)
[Licensing::IpcConnector] Successfully connected to: "LicenseClient-zhaoF-notifications" at "2026-02-13T20:00:34.7753884Z"
[Licensing::Module] Connected to LicensingClient (PId: 33304, launch time: 0.01, total connection time: 4.44s)
[Licensing::Module] Error: Access token is unavailable; failed to update
[Licensing::Client] Successfully resolved entitlement details
[Licensing::Module] License group:
  Id: 2475930297478-UnityPersXXXX
  Product: Unity Personal
  Type: Assigned
  Expiration: Unlimited
[Licensing::Client] Successfully updated license, isAsync: True, time: 0.02
[Licensing::Client] Successfully resolved entitlement details
[Licensing::Module] Licensing Background thread has ended after 4.50s
[Licensing::Module] Licensing is initialized (took 3.29s).
[Licensing::Client] Successfully resolved entitlement details
Library Redirect Path: Library/
Rebuilding Library because the asset database could not be found!
Unable to parse file ProjectSettings/TagManager.asset: [Parser Failure at line 44: Expect ':' between key and value within mapping]
Default GameObject Tag: Player already registered
YAML error in 'ProjectSettings/ProjectSettings.asset' - Unexpected scalar when reading mapping.
YAML error in 'ProjectSettings/ProjectSettings.asset' - Unexpected scalar when reading mapping.
[Physics::Module] Selected backend.
[Physics::Module] Name: PhysX
[Physics::Module] Id: 0xf2b8ea05
[Physics::Module] SDK Version: 4.1.2
[Physics::Module] Integration Version: 1.0.0
[Physics::Module] Threading Mode: Multi-Threaded
Refreshing native plugins compatible for Editor in 0.00 ms, found 0 plugins.
Preloading 0 native plugins for Editor in 0.00 ms.
Initialize engine version: 6000.3.7f1 (696ec25a53d1)
[Subsystems] Discovering subsystems at path C:/Program Files/Unity/Hub/Editor/6000.3.7f1/Editor/Data/Resources/UnitySubsystems
[Subsystems] Discovering subsystems at path C:/Users/zhaoF/OneDrive/Documents/UnityProjects/CulinaryChaos/Assets
GfxDevice: creating device client; kGfxThreadingModeNonThreaded
Direct3D:
    Version:  Direct3D 11.0 [level 11.1]
    Renderer: NVIDIA GeForce RTX 3050 OEM (ID=0x2508)
    Vendor:   NVIDIA
    VRAM:     8042 MB
    Driver:   32.0.15.8163
Initialize mono
Mono path[0] = 'C:/Program Files/Unity/Hub/Editor/6000.3.7f1/Editor/Data/Managed'
Mono path[1] = 'C:/Program Files/Unity/Hub/Editor/6000.3.7f1/Editor/Data/MonoBleedingEdge/lib/mono/unityjit-win32'
Mono config path = 'C:/Program Files/Unity/Hub/Editor/6000.3.7f1/Editor/Data/MonoBleedingEdge/etc'
Using monoOptions --debugger-agent=transport=dt_socket,embedding=1,server=y,suspend=n,address=127.0.0.1:56444
Using cacheserver namespaces - metadata:defaultmetadata, artifacts:defaultartifacts
Using cacheserver namespaces - metadata:defaultmetadata, artifacts:defaultartifacts
ImportWorker Server TCP listen port: 0
AcceleratorClientConnectionCallback - disconnected - :0
Begin MonoManager ReloadAssembly
Registering precompiled unity dll's ...
Register platform support module: C:/Program Files/Unity/Hub/Editor/6000.3.7f1/Editor/Data/PlaybackEngines/WindowsStandaloneSupport/UnityEditor.WindowsStandalone.Extensions.dll
Registered in 0.003766 seconds.
- Loaded All Assemblies, in  0.738 seconds
Native extension for WindowsStandalone target not found
ScheduleIndexationOnStartup MainProcess:False IndexOnStartup:True
Mono: successfully reloaded assembly
- Finished resetting the current domain, in  0.755 seconds
Domain Reload Profiling: 1490ms
	BeginReloadAssembly (233ms)
		ExecutionOrderSort (0ms)
		DisableScriptedObjects (0ms)
		BackupInstance (0ms)
		ReleaseScriptingObjects (0ms)
		CreateAndSetChildDomain (1ms)
	RebuildCommonClasses (64ms)
	RebuildNativeTypeToScriptingClass (19ms)
	initialDomainReloadingComplete (93ms)
	LoadAllAssembliesAndSetupDomain (325ms)
		LoadAssemblies (229ms)
		RebuildTransferFunctionScriptingTraits (0ms)
		AnalyzeDomain (313ms)
			TypeCache.Refresh (310ms)
				TypeCache.ScanAssembly (282ms)
			BuildScriptInfoCaches (1ms)
			ResolveRequiredComponents (1ms)
	FinalizeReload (756ms)
		ReleaseScriptCaches (0ms)
		RebuildScriptCaches (0ms)
		SetupLoadedEditorAssemblies (694ms)
			LogAssemblyErrors (0ms)
			InitializePlatformSupportModulesInManaged (80ms)
			SetLoadedEditorAssemblies (6ms)
			BeforeProcessingInitializeOnLoad (144ms)
			ProcessInitializeOnLoadAttributes (297ms)
			ProcessInitializeOnLoadMethodAttributes (167ms)
			AfterProcessingInitializeOnLoad (0ms)
			EditorAssembliesLoaded (1ms)
		ExecutionOrderSort2 (0ms)
		AwakeInstancesAfterBackupRestoration (0ms)
[Licensing::Client] Successfully resolved entitlement details
Application.AssetDatabase Initial Refresh Start
Package Manager log level set to [2]
[Package Manager] Done resolving packages in 87.92 seconds
[Licensing::Client] Successfully resolved entitlement details
An error occurred while resolving packages:
  One or more packages could not be added to the local file system:
    com.unity.collections: EPERM: operation not permitted, rename 'C:\Users\zhaoF\OneDrive\Documents\UnityProjects\CulinaryChaos\Library\PackageCache\com.unity.collections@aea9d3bd5e19' -> 'C:\Users\zhaoF\OneDrive\Documents\UnityProjects\CulinaryChaos\Library\PackageCache\.del--8564-lnsWY4TnGJhx'
Exiting without the bug reporter. Application will terminate with return code 1